[debug] [2021-07-07T09:54:12.388Z] ----------------------------------------------------------------------
[debug] [2021-07-07T09:54:12.390Z] Command:       /usr/bin/node /usr/bin/firebase init functions
[debug] [2021-07-07T09:54:12.390Z] CLI Version:   8.6.0
[debug] [2021-07-07T09:54:12.390Z] Platform:      linux
[debug] [2021-07-07T09:54:12.390Z] Node Version:  v12.22.1
[debug] [2021-07-07T09:54:12.390Z] Time:          Wed Jul 07 2021 10:54:12 GMT+0100 (Irish Standard Time)
[debug] [2021-07-07T09:54:12.390Z] ----------------------------------------------------------------------
[debug] [2021-07-07T09:54:12.390Z] 
[debug] [2021-07-07T09:54:12.398Z] > command requires scopes: ["email","openid","https://www.googleapis.com/auth/cloudplatformprojects.readonly","https://www.googleapis.com/auth/firebase","https://www.googleapis.com/auth/cloud-platform"]
[debug] [2021-07-07T09:54:12.398Z] > authorizing via signed-in user
[info] 
     ######## #### ########  ######## ########     ###     ######  ########
     ##        ##  ##     ## ##       ##     ##  ##   ##  ##       ##
     ######    ##  ########  ######   ########  #########  ######  ######
     ##        ##  ##    ##  ##       ##     ## ##     ##       ## ##
     ##       #### ##     ## ######## ########  ##     ##  ######  ########

You're about to initialize a Firebase project in this directory:

  /home/shelley/Documents/Apps/react/chat-room

[info] 
=== Project Setup
[info] 
[info] First, let's associate this project directory with a Firebase project.
[info] You can create multiple project aliases by running firebase use --add, 
[info] but for now we'll just set up a default project.
[info] 
